<?xml version="1.0" encoding="UTF-8"?>
<!-- Generated by org.testng.reporters.JUnitReportReporter -->
<testsuite skipped="0" hostname="197nodnb23095" name="scripts.ClassDemoTest" tests="4" failures="0" timestamp="23 Apr 2019 06:00:17 GMT" time="0.004" errors="0">
  <testcase name="method1" time="0.004" classname="scripts.ClassDemoTest"/>
  <testcase name="method4" time="0.000" classname="scripts.ClassDemoTest"/>
  <testcase name="method3" time="0.000" classname="scripts.ClassDemoTest"/>
  <testcase name="method2" time="0.000" classname="scripts.ClassDemoTest"/>
</testsuite> <!-- scripts.ClassDemoTest -->
