<?xml version="1.0" encoding="UTF-8"?>
<!-- Generated by org.testng.reporters.JUnitReportReporter -->
<testsuite skipped="0" hostname="197nodnb23095" name="scripts.ClassDemoTest" tests="7" failures="0" timestamp="14 May 2019 12:42:43 GMT" time="0.004" errors="0">
  <testcase name="method6" time="0.000" classname="scripts.ClassDemoTest"/>
  <testcase name="method7" time="0.000" classname="scripts.ClassDemoTest"/>
  <testcase name="method6" time="0.000" classname="scripts.ClassDemoTest"/>
  <testcase name="method5" time="0.003" classname="scripts.ClassDemoTest"/>
  <testcase name="method1" time="0.000" classname="scripts.ClassDemoTest"/>
  <testcase name="method4" time="0.000" classname="scripts.ClassDemoTest"/>
  <testcase name="method5" time="0.001" classname="scripts.ClassDemoTest"/>
</testsuite> <!-- scripts.ClassDemoTest -->
