<?xml version="1.0" encoding="UTF-8"?>
<!-- Generated by org.testng.reporters.JUnitReportReporter -->
<testsuite skipped="0" hostname="197nodnb23095" name="scripts.ClassDemoTest" tests="8" failures="0" timestamp="14 May 2019 11:39:43 GMT" time="0.017" errors="0">
  <testcase name="method7" time="0.000" classname="scripts.ClassDemoTest"/>
  <testcase name="method1" time="0.017" classname="scripts.ClassDemoTest"/>
  <testcase name="method5" time="0.000" classname="scripts.ClassDemoTest"/>
  <testcase name="method4" time="0.000" classname="scripts.ClassDemoTest"/>
  <testcase name="method5" time="0.000" classname="scripts.ClassDemoTest"/>
  <testcase name="method6" time="0.000" classname="scripts.ClassDemoTest"/>
  <testcase name="method2" time="0.000" classname="scripts.ClassDemoTest"/>
  <testcase name="method4" time="0.000" classname="scripts.ClassDemoTest"/>
</testsuite> <!-- scripts.ClassDemoTest -->
