<?xml version="1.0" encoding="UTF-8"?>
<!-- Generated by org.testng.reporters.JUnitReportReporter -->
<testsuite skipped="0" hostname="197nodnb23095" name="scripts.Native.ClassDemoTest" tests="8" failures="0" timestamp="16 May 2019 10:02:30 GMT" time="0.003" errors="0">
  <testcase name="method1" time="0.000" classname="scripts.Native.ClassDemoTest"/>
  <testcase name="method6" time="0.000" classname="scripts.Native.ClassDemoTest"/>
  <testcase name="method5" time="0.000" classname="scripts.Native.ClassDemoTest"/>
  <testcase name="method5" time="0.000" classname="scripts.Native.ClassDemoTest"/>
  <testcase name="method6" time="0.000" classname="scripts.Native.ClassDemoTest"/>
  <testcase name="method1" time="0.003" classname="scripts.Native.ClassDemoTest"/>
  <testcase name="method4" time="0.000" classname="scripts.Native.ClassDemoTest"/>
  <testcase name="method4" time="0.000" classname="scripts.Native.ClassDemoTest"/>
</testsuite> <!-- scripts.Native.ClassDemoTest -->
